[2018-06-11 13:54:02] Текст ошибки: 
        Страница не найдена | Файл: C:\develop\OSPanel\domains\dxdcore\public\index.php | Строка: 7
===========
[2018-06-11 13:54:03] Текст ошибки: 
        Страница не найдена | Файл: C:\develop\OSPanel\domains\dxdcore\public\index.php | Строка: 7
===========
[2018-06-11 13:54:43] Текст ошибки: 
        Страница не найдена | Файл: C:\develop\OSPanel\domains\dxdcore\public\index.php | Строка: 7
===========
[2018-06-11 13:55:48] Текст ошибки: 
        Страница не найдена | Файл: C:\develop\OSPanel\domains\dxdcore\public\index.php | Строка: 7
===========
[2018-06-11 14:02:00] Текст ошибки: 
        Страница не найдена | Файл: C:\develop\OSPanel\domains\dxdcore\public\index.php | Строка: 7
===========
[2018-06-11 14:02:00] Текст ошибки: 
        Страница не найдена | Файл: C:\develop\OSPanel\domains\dxdcore\public\index.php | Строка: 7
===========
[2018-06-11 14:02:01] Текст ошибки: 
        Страница не найдена | Файл: C:\develop\OSPanel\domains\dxdcore\public\index.php | Строка: 7
===========
[2018-06-11 14:02:01] Текст ошибки: 
        Страница не найдена | Файл: C:\develop\OSPanel\domains\dxdcore\public\index.php | Строка: 7
===========
[2018-06-11 14:02:01] Текст ошибки: 
        Страница не найдена | Файл: C:\develop\OSPanel\domains\dxdcore\public\index.php | Строка: 7
===========
[2018-06-11 14:02:01] Текст ошибки: 
        Страница не найдена | Файл: C:\develop\OSPanel\domains\dxdcore\public\index.php | Строка: 7
===========
[2018-06-11 14:02:02] Текст ошибки: 
        Страница не найдена | Файл: C:\develop\OSPanel\domains\dxdcore\public\index.php | Строка: 7
===========
[2018-06-11 14:02:10] Текст ошибки: 
        Страница не найдена | Файл: C:\develop\OSPanel\domains\dxdcore\public\index.php | Строка: 7
===========
[2018-06-11 14:02:16] Текст ошибки: 
        Страница не найдена | Файл: C:\develop\OSPanel\domains\dxdcore\public\index.php | Строка: 7
===========
[2018-06-11 14:09:12] Текст ошибки: 
        Страница не найдена | Файл: C:\develop\OSPanel\domains\dxdcore\public\index.php | Строка: 7
===========
[2018-06-11 14:31:43] Текст ошибки: 
        Страница не найдена | Файл: C:\develop\OSPanel\domains\dxdcore\public\index.php | Строка: 7
===========
[2018-06-11 14:32:26] Текст ошибки: 
        Страница не найдена | Файл: C:\develop\OSPanel\domains\dxdcore\public\index.php | Строка: 7
===========
[2018-06-11 14:32:40] Текст ошибки: 
        Страница не найдена | Файл: C:\develop\OSPanel\domains\dxdcore\public\index.php | Строка: 7
===========
[2018-06-11 14:36:19] Текст ошибки: 
        Страница не найдена | Файл: C:\develop\OSPanel\domains\dxdcore\public\index.php | Строка: 7
===========
[2018-06-11 14:38:18] Текст ошибки: 
        Страница не найдена | Файл: C:\develop\OSPanel\domains\dxdcore\public\index.php | Строка: 7
===========
[2018-06-11 14:38:54] Текст ошибки: 
        Страница не найдена | Файл: C:\develop\OSPanel\domains\dxdcore\public\index.php | Строка: 7
===========
[2018-06-11 14:40:43] Текст ошибки: 
        Страница не найдена | Файл: C:\develop\OSPanel\domains\dxdcore\public\index.php | Строка: 7
===========
[2018-06-11 14:40:47] Текст ошибки: 
        Страница не найдена | Файл: C:\develop\OSPanel\domains\dxdcore\public\index.php | Строка: 7
===========
[2018-06-11 14:40:47] Текст ошибки: 
        Страница не найдена | Файл: C:\develop\OSPanel\domains\dxdcore\public\index.php | Строка: 7
===========
[2018-06-11 14:40:48] Текст ошибки: 
        Страница не найдена | Файл: C:\develop\OSPanel\domains\dxdcore\public\index.php | Строка: 7
===========
[2018-06-11 14:40:55] Текст ошибки: 
        Страница не найдена | Файл: C:\develop\OSPanel\domains\dxdcore\public\index.php | Строка: 7
===========
[2018-06-11 14:41:06] Текст ошибки: 
        Страница не найдена | Файл: C:\develop\OSPanel\domains\dxdcore\public\index.php | Строка: 7
===========
[2018-06-11 14:41:35] Текст ошибки: 
        Страница не найдена | Файл: C:\develop\OSPanel\domains\dxdcore\public\index.php | Строка: 7
===========
[2018-06-11 14:42:28] Текст ошибки: 
        Страница не найдена | Файл: C:\develop\OSPanel\domains\dxdcore\public\index.php | Строка: 7
===========
[2018-06-11 14:42:55] Текст ошибки: 
        Страница не найдена | Файл: C:\develop\OSPanel\domains\dxdcore\public\index.php | Строка: 7
===========
[2018-06-11 14:43:20] Текст ошибки: 
        Страница не найдена | Файл: C:\develop\OSPanel\domains\dxdcore\public\index.php | Строка: 7
===========
[2018-06-11 14:43:56] Текст ошибки: 
        Страница не найдена | Файл: C:\develop\OSPanel\domains\dxdcore\public\index.php | Строка: 7
===========
[2018-06-11 14:44:09] Текст ошибки: 
        Страница не найдена | Файл: C:\develop\OSPanel\domains\dxdcore\public\index.php | Строка: 7
===========
[2018-06-11 16:02:15] Текст ошибки: 
        Страница не найдена | Файл: C:\develop\OSPanel\domains\dxdcore\public\index.php | Строка: 7
===========
[2018-06-11 16:03:44] Текст ошибки: 
        Страница не найдена | Файл: C:\develop\OSPanel\domains\dxdcore\public\index.php | Строка: 7
===========
[2018-06-11 16:03:45] Текст ошибки: 
        Страница не найдена | Файл: C:\develop\OSPanel\domains\dxdcore\public\index.php | Строка: 7
===========
[2018-06-11 16:03:45] Текст ошибки: 
        Страница не найдена | Файл: C:\develop\OSPanel\domains\dxdcore\public\index.php | Строка: 7
===========
[2018-06-11 16:03:46] Текст ошибки: 
        Страница не найдена | Файл: C:\develop\OSPanel\domains\dxdcore\public\index.php | Строка: 7
===========
[2018-06-11 16:04:04] Текст ошибки: 
        Страница не найдена | Файл: C:\develop\OSPanel\domains\dxdcore\public\index.php | Строка: 7
===========
[2018-06-11 16:04:08] Текст ошибки: 
        Страница не найдена | Файл: C:\develop\OSPanel\domains\dxdcore\public\index.php | Строка: 7
===========
[2018-06-11 16:06:19] Текст ошибки: Страница не найдена | Файл: C:\develop\OSPanel\domains\dxdcore\public\index.php | Строка: 7
=================
[2018-06-11 16:07:36] Текст ошибки: 
        Страница не найдена | Файл: C:\develop\OSPanel\domains\dxdcore\public\index.php | Строка: 7
===========
[2018-06-11 16:07:39] Текст ошибки: 
        Страница не найдена | Файл: C:\develop\OSPanel\domains\dxdcore\public\index.php | Строка: 7
===========
[2018-06-11 16:18:51] Текст ошибки: 
        Страница не найдена | Файл: C:\develop\OSPanel\domains\dxdcore\public\index.php | Строка: 7
===========
[2018-06-11 16:18:55] Текст ошибки: 
        Страница не найдена | Файл: C:\develop\OSPanel\domains\dxdcore\public\index.php | Строка: 7
===========
[2018-06-11 19:22:36] Текст ошибки: 
        Сраница не найдена | Файл: C:\develop\OSPanel\domains\dxdcore\vendor\dxdcore\core\Router.php | Строка: 25
===========
[2018-06-11 19:26:39] Текст ошибки: 
        Сраница не найдена | Файл: C:\develop\OSPanel\domains\dxdcore\vendor\dxdcore\core\Router.php | Строка: 26
===========
[2018-06-11 19:39:52] Текст ошибки: 
        Сраница не найдена | Файл: C:\develop\OSPanel\domains\dxdcore\vendor\dxdcore\core\Router.php | Строка: 26
===========
[2018-06-11 19:42:06] Текст ошибки: 
        Контролер $controller не найден | Файл: C:\develop\OSPanel\domains\dxdcore\vendor\dxdcore\core\Router.php | Строка: 28
===========
[2018-06-11 19:42:09] Текст ошибки: 
        Контролер $controller не найден | Файл: C:\develop\OSPanel\domains\dxdcore\vendor\dxdcore\core\Router.php | Строка: 28
===========
[2018-06-11 19:42:13] Текст ошибки: 
        Контролер $controller не найден | Файл: C:\develop\OSPanel\domains\dxdcore\vendor\dxdcore\core\Router.php | Строка: 28
===========
[2018-06-11 19:42:16] Текст ошибки: 
        Контролер $controller не найден | Файл: C:\develop\OSPanel\domains\dxdcore\vendor\dxdcore\core\Router.php | Строка: 28
===========
[2018-06-11 19:42:37] Текст ошибки: 
        Контроллер app\controllers\PageBewController не найден | Файл: C:\develop\OSPanel\domains\dxdcore\vendor\dxdcore\core\Router.php | Строка: 28
===========
[2018-06-11 19:42:42] Текст ошибки: 
        Контроллер app\controllers\PageBewController не найден | Файл: C:\develop\OSPanel\domains\dxdcore\vendor\dxdcore\core\Router.php | Строка: 28
===========
[2018-06-11 19:44:39] Текст ошибки: 
        Контроллер app\controllers\PageBewController не найден | Файл: C:\develop\OSPanel\domains\dxdcore\vendor\dxdcore\core\Router.php | Строка: 28
===========
[2018-06-11 19:51:55] Текст ошибки: 
        Контроллер app\controllers\PageBewController не найден | Файл: C:\develop\OSPanel\domains\dxdcore\vendor\dxdcore\core\Router.php | Строка: 34
===========
[2018-06-11 19:51:56] Текст ошибки: 
        Контроллер app\controllers\MainController не найден | Файл: C:\develop\OSPanel\domains\dxdcore\vendor\dxdcore\core\Router.php | Строка: 34
===========
[2018-06-11 19:51:57] Текст ошибки: 
        Контроллер app\controllers\MainController не найден | Файл: C:\develop\OSPanel\domains\dxdcore\vendor\dxdcore\core\Router.php | Строка: 34
===========
[2018-06-11 19:52:05] Текст ошибки: 
        Контроллер app\controllers\MainController не найден | Файл: C:\develop\OSPanel\domains\dxdcore\vendor\dxdcore\core\Router.php | Строка: 34
===========
[2018-06-11 19:52:05] Текст ошибки: 
        Контроллер app\controllers\MainController не найден | Файл: C:\develop\OSPanel\domains\dxdcore\vendor\dxdcore\core\Router.php | Строка: 34
===========
[2018-06-11 19:52:06] Текст ошибки: 
        Контроллер app\controllers\MainController не найден | Файл: C:\develop\OSPanel\domains\dxdcore\vendor\dxdcore\core\Router.php | Строка: 34
===========
[2018-06-11 19:52:06] Текст ошибки: 
        Контроллер app\controllers\MainController не найден | Файл: C:\develop\OSPanel\domains\dxdcore\vendor\dxdcore\core\Router.php | Строка: 34
===========
[2018-06-11 19:52:07] Текст ошибки: 
        Контроллер app\controllers\MainController не найден | Файл: C:\develop\OSPanel\domains\dxdcore\vendor\dxdcore\core\Router.php | Строка: 34
===========
[2018-06-11 19:52:07] Текст ошибки: 
        Контроллер app\controllers\MainController не найден | Файл: C:\develop\OSPanel\domains\dxdcore\vendor\dxdcore\core\Router.php | Строка: 34
===========
[2018-06-11 19:52:07] Текст ошибки: 
        Контроллер app\controllers\MainController не найден | Файл: C:\develop\OSPanel\domains\dxdcore\vendor\dxdcore\core\Router.php | Строка: 34
===========
[2018-06-11 19:52:08] Текст ошибки: 
        Контроллер app\controllers\MainController не найден | Файл: C:\develop\OSPanel\domains\dxdcore\vendor\dxdcore\core\Router.php | Строка: 34
===========
[2018-06-11 19:52:08] Текст ошибки: 
        Контроллер app\controllers\MainController не найден | Файл: C:\develop\OSPanel\domains\dxdcore\vendor\dxdcore\core\Router.php | Строка: 34
===========
[2018-06-11 19:52:51] Текст ошибки: 
        Метод app\controllers\MainController::indexAction не найден | Файл: C:\develop\OSPanel\domains\dxdcore\vendor\dxdcore\core\Router.php | Строка: 31
===========
[2018-06-11 19:53:06] Текст ошибки: 
        Контроллер app\controllers\MainController не найден | Файл: C:\develop\OSPanel\domains\dxdcore\vendor\dxdcore\core\Router.php | Строка: 34
===========
[2018-06-11 19:53:06] Текст ошибки: 
        Контроллер app\controllers\MainController не найден | Файл: C:\develop\OSPanel\domains\dxdcore\vendor\dxdcore\core\Router.php | Строка: 34
===========
[2018-06-11 19:53:07] Текст ошибки: 
        Контроллер app\controllers\MainController не найден | Файл: C:\develop\OSPanel\domains\dxdcore\vendor\dxdcore\core\Router.php | Строка: 34
===========
[2018-06-11 19:53:15] Текст ошибки: 
        Метод app\controllers\MainController::indexAction не найден | Файл: C:\develop\OSPanel\domains\dxdcore\vendor\dxdcore\core\Router.php | Строка: 31
===========
[2018-06-11 19:55:43] Текст ошибки: 
        Метод app\controllers\PageController::indexAction не найден | Файл: C:\develop\OSPanel\domains\dxdcore\vendor\dxdcore\core\Router.php | Строка: 31
===========
[2018-06-11 19:56:18] Текст ошибки: 
        Метод app\controllers\PageController::viewAction не найден | Файл: C:\develop\OSPanel\domains\dxdcore\vendor\dxdcore\core\Router.php | Строка: 31
===========
[2018-06-12 11:39:28] Текст ошибки: 
        Страница не найдена | Файл: C:\develop\OSPanel\domains\dxdcore\vendor\dxdcore\core\Router.php | Строка: 37
===========
[2018-06-12 12:23:14] Текст ошибки: 
        syntax error, unexpected '/', expecting :: (T_PAAMAYIM_NEKUDOTAYIM) | Файл: C:\develop\OSPanel\domains\dxdcore\vendor\dxdcore\core\base\View.php | Строка: 31
===========
[2018-06-12 12:24:47] Текст ошибки: 
        syntax error, unexpected '/', expecting :: (T_PAAMAYIM_NEKUDOTAYIM) | Файл: C:\develop\OSPanel\domains\dxdcore\vendor\dxdcore\core\base\View.php | Строка: 31
===========
[2018-06-12 12:31:29] Текст ошибки: 
        syntax error, unexpected '/', expecting :: (T_PAAMAYIM_NEKUDOTAYIM) | Файл: C:\develop\OSPanel\domains\dxdcore\vendor\dxdcore\core\base\View.php | Строка: 31
===========
[2018-06-12 12:32:17] Текст ошибки: 
        syntax error, unexpected '/', expecting :: (T_PAAMAYIM_NEKUDOTAYIM) | Файл: C:\develop\OSPanel\domains\dxdcore\vendor\dxdcore\core\base\View.php | Строка: 31
===========
[2018-06-12 12:33:52] Текст ошибки: 
        syntax error, unexpected '/', expecting :: (T_PAAMAYIM_NEKUDOTAYIM) | Файл: C:\develop\OSPanel\domains\dxdcore\vendor\dxdcore\core\base\View.php | Строка: 31
===========
[2018-06-12 12:36:40] Текст ошибки: 
        syntax error, unexpected '/', expecting :: (T_PAAMAYIM_NEKUDOTAYIM) | Файл: C:\develop\OSPanel\domains\dxdcore\vendor\dxdcore\core\base\View.php | Строка: 31
===========
[2018-06-12 12:44:32] Текст ошибки: 
        syntax error, unexpected '/', expecting :: (T_PAAMAYIM_NEKUDOTAYIM) | Файл: C:\develop\OSPanel\domains\dxdcore\vendor\dxdcore\core\base\View.php | Строка: 31
===========
[2018-06-12 12:46:13] Текст ошибки: 
        syntax error, unexpected '/', expecting :: (T_PAAMAYIM_NEKUDOTAYIM) | Файл: C:\develop\OSPanel\domains\dxdcore\vendor\dxdcore\core\base\View.php | Строка: 31
===========
[2018-06-12 12:47:53] Текст ошибки: 
        На найден вид C:\develop\OSPanel\domains\dxdcore/app/views//.php | Файл: C:\develop\OSPanel\domains\dxdcore\vendor\dxdcore\core\base\View.php | Строка: 37
===========
[2018-06-12 12:47:54] Текст ошибки: 
        На найден вид C:\develop\OSPanel\domains\dxdcore/app/views//.php | Файл: C:\develop\OSPanel\domains\dxdcore\vendor\dxdcore\core\base\View.php | Строка: 37
===========
[2018-06-12 12:47:55] Текст ошибки: 
        На найден вид C:\develop\OSPanel\domains\dxdcore/app/views//.php | Файл: C:\develop\OSPanel\domains\dxdcore\vendor\dxdcore\core\base\View.php | Строка: 37
===========
[2018-06-12 12:47:55] Текст ошибки: 
        На найден вид C:\develop\OSPanel\domains\dxdcore/app/views//.php | Файл: C:\develop\OSPanel\domains\dxdcore\vendor\dxdcore\core\base\View.php | Строка: 37
===========
[2018-06-12 12:47:55] Текст ошибки: 
        На найден вид C:\develop\OSPanel\domains\dxdcore/app/views//.php | Файл: C:\develop\OSPanel\domains\dxdcore\vendor\dxdcore\core\base\View.php | Строка: 37
===========
[2018-06-12 12:48:11] Текст ошибки: 
        На найден вид C:\develop\OSPanel\domains\dxdcore/app/views//.php | Файл: C:\develop\OSPanel\domains\dxdcore\vendor\dxdcore\core\base\View.php | Строка: 37
===========
[2018-06-12 12:48:11] Текст ошибки: 
        На найден вид C:\develop\OSPanel\domains\dxdcore/app/views//.php | Файл: C:\develop\OSPanel\domains\dxdcore\vendor\dxdcore\core\base\View.php | Строка: 37
===========
[2018-06-12 12:48:12] Текст ошибки: 
        На найден вид C:\develop\OSPanel\domains\dxdcore/app/views//.php | Файл: C:\develop\OSPanel\domains\dxdcore\vendor\dxdcore\core\base\View.php | Строка: 37
===========
[2018-06-12 12:48:24] Текст ошибки: 
        На найден вид C:\develop\OSPanel\domains\dxdcore/app/views//.php | Файл: C:\develop\OSPanel\domains\dxdcore\vendor\dxdcore\core\base\View.php | Строка: 37
===========
[2018-06-12 12:50:13] Текст ошибки: 
        На найден вид C:\develop\OSPanel\domains\dxdcore/app/views//.php | Файл: C:\develop\OSPanel\domains\dxdcore\vendor\dxdcore\core\base\View.php | Строка: 37
===========
[2018-06-12 12:51:12] Текст ошибки: 
        На найден вид C:\develop\OSPanel\domains\dxdcore/app/views//.php | Файл: C:\develop\OSPanel\domains\dxdcore\vendor\dxdcore\core\base\View.php | Строка: 37
===========
[2018-06-12 12:51:27] Текст ошибки: 
        На найден вид C:\develop\OSPanel\domains\dxdcore/app/views//.php | Файл: C:\develop\OSPanel\domains\dxdcore\vendor\dxdcore\core\base\View.php | Строка: 37
===========
[2018-06-12 12:51:27] Текст ошибки: 
        На найден вид C:\develop\OSPanel\domains\dxdcore/app/views//.php | Файл: C:\develop\OSPanel\domains\dxdcore\vendor\dxdcore\core\base\View.php | Строка: 37
===========
[2018-06-12 12:51:28] Текст ошибки: 
        На найден вид C:\develop\OSPanel\domains\dxdcore/app/views//.php | Файл: C:\develop\OSPanel\domains\dxdcore\vendor\dxdcore\core\base\View.php | Строка: 37
===========
[2018-06-12 12:51:28] Текст ошибки: 
        На найден вид C:\develop\OSPanel\domains\dxdcore/app/views//.php | Файл: C:\develop\OSPanel\domains\dxdcore\vendor\dxdcore\core\base\View.php | Строка: 37
===========
[2018-06-12 12:52:21] Текст ошибки: 
        На найден вид C:\develop\OSPanel\domains\dxdcore/app/views//.php | Файл: C:\develop\OSPanel\domains\dxdcore\vendor\dxdcore\core\base\View.php | Строка: 37
===========
[2018-06-12 12:52:51] Текст ошибки: 
        syntax error, unexpected '/', expecting :: (T_PAAMAYIM_NEKUDOTAYIM) | Файл: C:\develop\OSPanel\domains\dxdcore\vendor\dxdcore\core\base\View.php | Строка: 31
===========
[2018-06-12 16:08:03] Текст ошибки: 
        Class 'app\controllers\App' not found | Файл: C:\develop\OSPanel\domains\dxdcore\app\controllers\MainController.php | Строка: 8
===========
